Aug  8 03:00:53 alarm_monitor monitoring: back door: CLOSED
Aug  8 03:00:56 alarm_monitor monitoring: back door: CLOSED
Aug  8 03:03:30 alarm_monitor monitoring: back door: CLOSED
Aug  8 03:03:32 alarm_monitor monitoring: back door: CLOSED
Aug  8 03:06:12 alarm_monitor monitoring: back door: CLOSED
Aug  8 03:06:13 alarm_monitor monitoring: back door: CLOSED
Aug  8 03:08:08 alarm_monitor monitoring: back door: CLOSED
Aug  8 03:08:10 alarm_monitor monitoring: back door: CLOSED
Aug  8 03:10:35 alarm_monitor monitoring: back door: CLOSED
Aug  8 03:10:38 alarm_monitor monitoring: back door: CLOSED
Aug  8 03:12:50 alarm_monitor monitoring: back door: CLOSED
Aug  8 03:12:53 alarm_monitor monitoring: back door: CLOSED
Aug  8 03:14:01 alarm_monitor monitoring: back door: CLOSED
Aug  8 03:14:03 alarm_monitor monitoring: back door: CLOSED
Aug  8 03:15:23 alarm_monitor monitoring: back door: CLOSED
Aug  8 03:15:24 alarm_monitor monitoring: back door: CLOSED
Aug  8 03:17:41 alarm_monitor monitoring: back door: CLOSED
Aug  8 03:17:45 alarm_monitor monitoring: back door: CLOSED
Aug  8 03:19:23 alarm_monitor monitoring: back door: CLOSED
Aug  8 03:19:26 alarm_monitor monitoring: back door: CLOSED
Aug  8 03:21:37 alarm_monitor monitoring: back door: CLOSED
Aug  8 03:21:42 alarm_monitor monitoring: back door: CLOSED
Aug  8 03:24:26 alarm_monitor monitoring: back door: CLOSED
Aug  8 03:24:29 alarm_monitor monitoring: back door: CLOSED
Aug  8 03:27:11 alarm_monitor monitoring: back door: CLOSED
Aug  8 03:27:14 alarm_monitor monitoring: back door: CLOSED
Aug  8 03:28:52 alarm_monitor monitoring: back door: CLOSED
Aug  8 03:28:55 alarm_monitor monitoring: back door: CLOSED
Aug  8 03:30:47 alarm_monitor monitoring: back door: CLOSED
Aug  8 03:30:51 alarm_monitor monitoring: back door: CLOSED
Aug  8 03:32:49 alarm_monitor monitoring: back door: CLOSED
Aug  8 03:32:53 alarm_monitor monitoring: back door: CLOSED
Aug  8 03:34:23 alarm_monitor monitoring: back door: CLOSED
Aug  8 03:34:25 alarm_monitor monitoring: back door: CLOSED
Aug  8 03:36:02 alarm_monitor monitoring: back door: CLOSED
Aug  8 03:36:07 alarm_monitor monitoring: back door: CLOSED
Aug  8 03:37:35 alarm_monitor monitoring: back door: CLOSED
Aug  8 03:37:40 alarm_monitor monitoring: back door: CLOSED
Aug  8 03:39:52 alarm_monitor monitoring: back door: CLOSED
Aug  8 03:39:53 alarm_monitor monitoring: back door: CLOSED
Aug  8 03:40:54 alarm_monitor monitoring: back door: CLOSED
Aug  8 03:40:59 alarm_monitor monitoring: back door: CLOSED
Aug  8 03:42:03 alarm_monitor monitoring: back door: CLOSED
Aug  8 03:42:07 alarm_monitor monitoring: back door: CLOSED
Aug  8 03:44:09 alarm_monitor monitoring: back door: CLOSED
Aug  8 03:44:10 alarm_monitor monitoring: back door: CLOSED
Aug  8 03:47:04 alarm_monitor monitoring: back door: CLOSED
Aug  8 03:47:05 alarm_monitor monitoring: back door: CLOSED
Aug  8 03:48:13 alarm_monitor monitoring: back door: CLOSED
Aug  8 03:48:17 alarm_monitor monitoring: back door: CLOSED
Aug  8 03:50:19 alarm_monitor monitoring: back door: CLOSED
Aug  8 03:50:23 alarm_monitor monitoring: back door: CLOSED
Aug  8 03:51:53 alarm_monitor monitoring: back door: CLOSED
Aug  8 03:51:58 alarm_monitor monitoring: back door: CLOSED
Aug  8 03:53:47 alarm_monitor monitoring: back door: CLOSED
Aug  8 03:53:51 alarm_monitor monitoring: back door: CLOSED
Aug  8 03:55:55 alarm_monitor monitoring: back door: CLOSED
Aug  8 03:55:59 alarm_monitor monitoring: back door: CLOSED
Aug  8 03:57:51 alarm_monitor monitoring: back door: CLOSED
Aug  8 03:57:55 alarm_monitor monitoring: back door: CLOSED
Aug  8 03:59:05 alarm_monitor monitoring: back door: CLOSED
Aug  8 03:59:07 alarm_monitor monitoring: back door: CLOSED
Aug  8 04:00:53 alarm_monitor monitoring: back door: CLOSED
Aug  8 04:00:56 alarm_monitor monitoring: back door: CLOSED
Aug  8 04:03:30 alarm_monitor monitoring: back door: CLOSED
Aug  8 04:03:32 alarm_monitor monitoring: back door: CLOSED
Aug  8 04:06:12 alarm_monitor monitoring: back door: CLOSED
Aug  8 04:06:13 alarm_monitor monitoring: back door: CLOSED
Aug  8 04:08:08 alarm_monitor monitoring: back door: CLOSED
Aug  8 04:08:10 alarm_monitor monitoring: back door: CLOSED
Aug  8 04:10:35 alarm_monitor monitoring: back door: CLOSED
Aug  8 04:10:38 alarm_monitor monitoring: back door: CLOSED
Aug  8 04:12:50 alarm_monitor monitoring: back door: CLOSED
Aug  8 04:12:53 alarm_monitor monitoring: back door: CLOSED
Aug  8 04:14:01 alarm_monitor monitoring: back door: CLOSED
Aug  8 04:14:03 alarm_monitor monitoring: back door: CLOSED
Aug  8 04:15:23 alarm_monitor monitoring: back door: CLOSED
Aug  8 04:15:24 alarm_monitor monitoring: back door: CLOSED
Aug  8 04:17:41 alarm_monitor monitoring: back door: CLOSED
Aug  8 04:17:45 alarm_monitor monitoring: back door: CLOSED
Aug  8 04:19:23 alarm_monitor monitoring: back door: CLOSED
Aug  8 04:19:26 alarm_monitor monitoring: back door: CLOSED
Aug  8 04:21:37 alarm_monitor monitoring: back door: CLOSED
Aug  8 04:21:42 alarm_monitor monitoring: back door: CLOSED
Aug  8 04:24:26 alarm_monitor monitoring: back door: CLOSED
Aug  8 04:24:29 alarm_monitor monitoring: back door: CLOSED
Aug  8 04:27:11 alarm_monitor monitoring: back door: CLOSED
Aug  8 04:27:14 alarm_monitor monitoring: back door: CLOSED
Aug  8 04:28:52 alarm_monitor monitoring: back door: CLOSED
Aug  8 04:28:55 alarm_monitor monitoring: back door: CLOSED
Aug  8 04:30:47 alarm_monitor monitoring: back door: CLOSED
Aug  8 04:30:51 alarm_monitor monitoring: back door: CLOSED
Aug  8 04:32:49 alarm_monitor monitoring: back door: CLOSED
Aug  8 04:32:53 alarm_monitor monitoring: back door: CLOSED
Aug  8 04:34:23 alarm_monitor monitoring: back door: CLOSED
Aug  8 04:34:25 alarm_monitor monitoring: back door: CLOSED
Aug  8 04:36:02 alarm_monitor monitoring: back door: CLOSED
Aug  8 04:36:07 alarm_monitor monitoring: back door: CLOSED
Aug  8 04:37:35 alarm_monitor monitoring: back door: CLOSED
Aug  8 04:37:40 alarm_monitor monitoring: back door: CLOSED
Aug  8 04:39:52 alarm_monitor monitoring: back door: CLOSED
Aug  8 04:39:53 alarm_monitor monitoring: back door: CLOSED
Aug  8 04:40:54 alarm_monitor monitoring: back door: CLOSED
Aug  8 04:40:59 alarm_monitor monitoring: back door: CLOSED
Aug  8 04:42:03 alarm_monitor monitoring: back door: CLOSED
Aug  8 04:42:07 alarm_monitor monitoring: back door: CLOSED
Aug  8 04:44:09 alarm_monitor monitoring: back door: CLOSED
Aug  8 04:44:10 alarm_monitor monitoring: back door: CLOSED
Aug  8 04:47:04 alarm_monitor monitoring: back door: CLOSED
Aug  8 04:47:05 alarm_monitor monitoring: back door: CLOSED
Aug  8 04:48:13 alarm_monitor monitoring: back door: CLOSED
Aug  8 04:48:17 alarm_monitor monitoring: back door: CLOSED
Aug  8 04:50:19 alarm_monitor monitoring: back door: CLOSED
Aug  8 04:50:23 alarm_monitor monitoring: back door: CLOSED
Aug  8 04:51:53 alarm_monitor monitoring: back door: CLOSED
Aug  8 04:51:58 alarm_monitor monitoring: back door: CLOSED
Aug  8 04:53:47 alarm_monitor monitoring: back door: CLOSED
Aug  8 04:53:51 alarm_monitor monitoring: back door: CLOSED
Aug  8 04:55:55 alarm_monitor monitoring: back door: CLOSED
Aug  8 04:55:59 alarm_monitor monitoring: back door: CLOSED
Aug  8 04:57:51 alarm_monitor monitoring: back door: CLOSED
Aug  8 04:57:55 alarm_monitor monitoring: back door: CLOSED
Aug  8 04:59:05 alarm_monitor monitoring: back door: CLOSED
Aug  8 04:59:07 alarm_monitor monitoring: back door: CLOSED
Aug  8 05:00:53 alarm_monitor monitoring: back door: CLOSED
Aug  8 05:00:56 alarm_monitor monitoring: back door: CLOSED
Aug  8 05:03:30 alarm_monitor monitoring: back door: CLOSED
Aug  8 05:03:32 alarm_monitor monitoring: back door: CLOSED
Aug  8 05:06:12 alarm_monitor monitoring: back door: CLOSED
Aug  8 05:06:13 alarm_monitor monitoring: back door: CLOSED
Aug  8 05:08:08 alarm_monitor monitoring: back door: CLOSED
Aug  8 05:08:10 alarm_monitor monitoring: back door: CLOSED
Aug  8 05:10:35 alarm_monitor monitoring: back door: CLOSED
Aug  8 05:10:38 alarm_monitor monitoring: back door: CLOSED
Aug  8 05:12:50 alarm_monitor monitoring: back door: CLOSED
Aug  8 05:12:53 alarm_monitor monitoring: back door: CLOSED
Aug  8 05:14:01 alarm_monitor monitoring: back door: CLOSED
Aug  8 05:14:03 alarm_monitor monitoring: back door: CLOSED
Aug  8 05:15:23 alarm_monitor monitoring: back door: CLOSED
Aug  8 05:15:24 alarm_monitor monitoring: back door: CLOSED
Aug  8 05:17:41 alarm_monitor monitoring: back door: CLOSED
Aug  8 05:17:45 alarm_monitor monitoring: back door: CLOSED
Aug  8 05:19:23 alarm_monitor monitoring: back door: CLOSED
Aug  8 05:19:26 alarm_monitor monitoring: back door: CLOSED
Aug  8 05:21:37 alarm_monitor monitoring: back door: CLOSED
Aug  8 05:21:42 alarm_monitor monitoring: back door: CLOSED
Aug  8 05:24:26 alarm_monitor monitoring: back door: CLOSED
Aug  8 05:24:29 alarm_monitor monitoring: back door: CLOSED
Aug  8 05:27:11 alarm_monitor monitoring: back door: CLOSED
Aug  8 05:27:14 alarm_monitor monitoring: back door: CLOSED
Aug  8 05:28:52 alarm_monitor monitoring: back door: CLOSED
Aug  8 05:28:55 alarm_monitor monitoring: back door: CLOSED
Aug  8 05:30:47 alarm_monitor monitoring: back door: CLOSED
Aug  8 05:30:51 alarm_monitor monitoring: back door: CLOSED
Aug  8 05:32:49 alarm_monitor monitoring: back door: CLOSED
Aug  8 05:32:53 alarm_monitor monitoring: back door: CLOSED
Aug  8 05:34:23 alarm_monitor monitoring: back door: CLOSED
Aug  8 05:34:25 alarm_monitor monitoring: back door: CLOSED
Aug  8 05:36:02 alarm_monitor monitoring: back door: CLOSED
Aug  8 05:36:07 alarm_monitor monitoring: back door: CLOSED
Aug  8 05:37:35 alarm_monitor monitoring: back door: CLOSED
Aug  8 05:37:40 alarm_monitor monitoring: back door: CLOSED
Aug  8 05:39:52 alarm_monitor monitoring: back door: CLOSED
Aug  8 05:39:53 alarm_monitor monitoring: back door: CLOSED
Aug  8 05:40:54 alarm_monitor monitoring: back door: CLOSED
Aug  8 05:40:59 alarm_monitor monitoring: back door: CLOSED
Aug  8 05:42:03 alarm_monitor monitoring: back door: CLOSED
Aug  8 05:42:07 alarm_monitor monitoring: back door: CLOSED
Aug  8 05:44:09 alarm_monitor monitoring: back door: CLOSED
Aug  8 05:44:10 alarm_monitor monitoring: back door: CLOSED
Aug  8 05:47:04 alarm_monitor monitoring: back door: CLOSED
Aug  8 05:47:05 alarm_monitor monitoring: back door: CLOSED
Aug  8 05:48:13 alarm_monitor monitoring: back door: CLOSED
Aug  8 05:48:17 alarm_monitor monitoring: back door: CLOSED
Aug  8 05:50:19 alarm_monitor monitoring: back door: CLOSED
Aug  8 05:50:23 alarm_monitor monitoring: back door: CLOSED
Aug  8 05:51:53 alarm_monitor monitoring: back door: CLOSED
Aug  8 05:51:58 alarm_monitor monitoring: back door: CLOSED
Aug  8 05:53:47 alarm_monitor monitoring: back door: CLOSED
Aug  8 05:53:51 alarm_monitor monitoring: back door: CLOSED
Aug  8 05:55:55 alarm_monitor monitoring: back door: CLOSED
Aug  8 05:55:59 alarm_monitor monitoring: back door: CLOSED
Aug  8 05:57:51 alarm_monitor monitoring: back door: CLOSED
Aug  8 05:57:55 alarm_monitor monitoring: back door: CLOSED
Aug  8 05:59:05 alarm_monitor monitoring: back door: CLOSED
Aug  8 05:59:07 alarm_monitor monitoring: back door: CLOSED
Aug  8 06:00:53 alarm_monitor monitoring: back door: CLOSED
Aug  8 06:00:56 alarm_monitor monitoring: back door: CLOSED
Aug  8 06:03:30 alarm_monitor monitoring: back door: CLOSED
Aug  8 06:03:32 alarm_monitor monitoring: back door: CLOSED
Aug  8 06:06:12 alarm_monitor monitoring: back door: CLOSED
Aug  8 06:06:13 alarm_monitor monitoring: back door: CLOSED
Aug  8 06:08:08 alarm_monitor monitoring: back door: CLOSED
Aug  8 06:08:10 alarm_monitor monitoring: back door: CLOSED
Aug  8 06:10:35 alarm_monitor monitoring: back door: CLOSED
Aug  8 06:10:38 alarm_monitor monitoring: back door: CLOSED
Aug  8 06:12:50 alarm_monitor monitoring: back door: CLOSED
Aug  8 06:12:53 alarm_monitor monitoring: back door: CLOSED
Aug  8 06:14:01 alarm_monitor monitoring: back door: CLOSED
Aug  8 06:14:03 alarm_monitor monitoring: back door: CLOSED
Aug  8 06:15:23 alarm_monitor monitoring: back door: CLOSED
Aug  8 06:15:24 alarm_monitor monitoring: back door: CLOSED
Aug  8 06:17:41 alarm_monitor monitoring: back door: CLOSED
Aug  8 06:17:45 alarm_monitor monitoring: back door: CLOSED
Aug  8 06:19:23 alarm_monitor monitoring: back door: CLOSED
Aug  8 06:19:26 alarm_monitor monitoring: back door: CLOSED
Aug  8 06:21:37 alarm_monitor monitoring: back door: CLOSED
Aug  8 06:21:42 alarm_monitor monitoring: back door: CLOSED
Aug  8 06:24:26 alarm_monitor monitoring: back door: CLOSED
Aug  8 06:24:29 alarm_monitor monitoring: back door: CLOSED
Aug  8 06:27:11 alarm_monitor monitoring: back door: CLOSED
Aug  8 06:27:14 alarm_monitor monitoring: back door: CLOSED
Aug  8 06:28:52 alarm_monitor monitoring: back door: CLOSED
Aug  8 06:28:55 alarm_monitor monitoring: back door: CLOSED
Aug  8 06:30:47 alarm_monitor monitoring: back door: CLOSED
Aug  8 06:30:51 alarm_monitor monitoring: back door: CLOSED
Aug  8 06:32:49 alarm_monitor monitoring: back door: CLOSED
Aug  8 06:32:53 alarm_monitor monitoring: back door: CLOSED
Aug  8 06:34:23 alarm_monitor monitoring: back door: CLOSED
Aug  8 06:34:25 alarm_monitor monitoring: back door: CLOSED
Aug  8 06:36:02 alarm_monitor monitoring: back door: CLOSED
Aug  8 06:36:07 alarm_monitor monitoring: back door: CLOSED
Aug  8 06:37:35 alarm_monitor monitoring: back door: CLOSED
Aug  8 06:37:40 alarm_monitor monitoring: back door: CLOSED
Aug  8 06:39:52 alarm_monitor monitoring: back door: CLOSED
Aug  8 06:39:53 alarm_monitor monitoring: back door: CLOSED
Aug  8 06:40:54 alarm_monitor monitoring: back door: CLOSED
Aug  8 06:40:59 alarm_monitor monitoring: back door: CLOSED
Aug  8 06:42:03 alarm_monitor monitoring: back door: CLOSED
Aug  8 06:42:07 alarm_monitor monitoring: back door: CLOSED
Aug  8 06:44:09 alarm_monitor monitoring: back door: CLOSED
Aug  8 06:44:10 alarm_monitor monitoring: back door: CLOSED
Aug  8 06:47:04 alarm_monitor monitoring: back door: CLOSED
Aug  8 06:47:05 alarm_monitor monitoring: back door: CLOSED
Aug  8 06:48:13 alarm_monitor monitoring: back door: CLOSED
Aug  8 06:48:17 alarm_monitor monitoring: back door: CLOSED
Aug  8 06:50:19 alarm_monitor monitoring: back door: CLOSED
Aug  8 06:50:23 alarm_monitor monitoring: back door: CLOSED
Aug  8 06:51:53 alarm_monitor monitoring: back door: CLOSED
Aug  8 06:51:58 alarm_monitor monitoring: back door: CLOSED
Aug  8 06:53:47 alarm_monitor monitoring: back door: CLOSED
Aug  8 06:53:51 alarm_monitor monitoring: back door: CLOSED
Aug  8 06:55:55 alarm_monitor monitoring: back door: CLOSED
Aug  8 06:55:59 alarm_monitor monitoring: back door: CLOSED
Aug  8 06:57:51 alarm_monitor monitoring: back door: CLOSED
Aug  8 06:57:55 alarm_monitor monitoring: back door: CLOSED
Aug  8 06:59:05 alarm_monitor monitoring: back door: CLOSED
Aug  8 06:59:07 alarm_monitor monitoring: back door: CLOSED
Aug  8 07:00:53 alarm_monitor monitoring: back door: CLOSED
Aug  8 07:00:56 alarm_monitor monitoring: back door: CLOSED
Aug  8 07:03:30 alarm_monitor monitoring: back door: CLOSED
Aug  8 07:03:32 alarm_monitor monitoring: back door: CLOSED
Aug  8 07:06:12 alarm_monitor monitoring: back door: CLOSED
Aug  8 07:06:13 alarm_monitor monitoring: back door: CLOSED
Aug  8 07:08:08 alarm_monitor monitoring: back door: CLOSED
Aug  8 07:08:10 alarm_monitor monitoring: back door: CLOSED
Aug  8 07:10:35 alarm_monitor monitoring: back door: CLOSED
Aug  8 07:10:38 alarm_monitor monitoring: back door: CLOSED
Aug  8 07:12:50 alarm_monitor monitoring: back door: CLOSED
Aug  8 07:12:53 alarm_monitor monitoring: back door: CLOSED
Aug  8 07:14:01 alarm_monitor monitoring: back door: CLOSED
Aug  8 07:14:03 alarm_monitor monitoring: back door: CLOSED
Aug  8 07:15:23 alarm_monitor monitoring: back door: CLOSED
Aug  8 07:15:24 alarm_monitor monitoring: back door: CLOSED
Aug  8 07:17:41 alarm_monitor monitoring: back door: CLOSED
Aug  8 07:17:45 alarm_monitor monitoring: back door: CLOSED
Aug  8 07:19:23 alarm_monitor monitoring: back door: CLOSED
Aug  8 07:19:26 alarm_monitor monitoring: back door: CLOSED
Aug  8 07:21:37 alarm_monitor monitoring: back door: CLOSED
Aug  8 07:21:42 alarm_monitor monitoring: back door: CLOSED
Aug  8 07:24:26 alarm_monitor monitoring: back door: CLOSED
Aug  8 07:24:29 alarm_monitor monitoring: back door: CLOSED
Aug  8 07:27:11 alarm_monitor monitoring: back door: CLOSED
Aug  8 07:27:14 alarm_monitor monitoring: back door: CLOSED
Aug  8 07:28:52 alarm_monitor monitoring: back door: CLOSED
Aug  8 07:28:55 alarm_monitor monitoring: back door: CLOSED
Aug  8 07:30:47 alarm_monitor monitoring: back door: CLOSED
Aug  8 07:30:51 alarm_monitor monitoring: back door: CLOSED
Aug  8 07:32:49 alarm_monitor monitoring: back door: CLOSED
Aug  8 07:32:53 alarm_monitor monitoring: back door: CLOSED
Aug  8 07:34:23 alarm_monitor monitoring: back door: CLOSED
Aug  8 07:34:25 alarm_monitor monitoring: back door: CLOSED
Aug  8 07:36:02 alarm_monitor monitoring: back door: CLOSED
Aug  8 07:36:07 alarm_monitor monitoring: back door: CLOSED
Aug  8 07:37:35 alarm_monitor monitoring: back door: CLOSED
Aug  8 07:37:40 alarm_monitor monitoring: back door: CLOSED
Aug  8 07:39:52 alarm_monitor monitoring: back door: CLOSED
Aug  8 07:39:53 alarm_monitor monitoring: back door: CLOSED
Aug  8 07:40:54 alarm_monitor monitoring: back door: CLOSED
Aug  8 07:40:59 alarm_monitor monitoring: back door: CLOSED
Aug  8 07:42:03 alarm_monitor monitoring: back door: CLOSED
Aug  8 07:42:07 alarm_monitor monitoring: back door: CLOSED
Aug  8 07:44:09 alarm_monitor monitoring: back door: CLOSED
Aug  8 07:44:10 alarm_monitor monitoring: back door: CLOSED
Aug  8 07:47:04 alarm_monitor monitoring: back door: CLOSED
Aug  8 07:47:05 alarm_monitor monitoring: back door: CLOSED
Aug  8 07:48:13 alarm_monitor monitoring: back door: CLOSED
Aug  8 07:48:17 alarm_monitor monitoring: back door: CLOSED
Aug  8 07:50:19 alarm_monitor monitoring: back door: CLOSED
Aug  8 07:50:23 alarm_monitor monitoring: back door: CLOSED
Aug  8 07:51:53 alarm_monitor monitoring: back door: CLOSED
Aug  8 07:51:58 alarm_monitor monitoring: back door: CLOSED
Aug  8 07:53:47 alarm_monitor monitoring: back door: CLOSED
Aug  8 07:53:51 alarm_monitor monitoring: back door: CLOSED
Aug  8 07:55:55 alarm_monitor monitoring: back door: CLOSED
Aug  8 07:55:59 alarm_monitor monitoring: back door: CLOSED
Aug  8 07:57:51 alarm_monitor monitoring: back door: CLOSED
Aug  8 07:57:55 alarm_monitor monitoring: back door: CLOSED
Aug  8 07:59:05 alarm_monitor monitoring: back door: CLOSED
Aug  8 07:59:07 alarm_monitor monitoring: back door: CLOSED
Aug  8 08:00:53 alarm_monitor monitoring: back door: CLOSED
Aug  8 08:00:56 alarm_monitor monitoring: back door: CLOSED
Aug  8 08:03:30 alarm_monitor activity: back door: OPEN
Aug  8 08:03:32 alarm_monitor activity: back door: CLOSED
Aug  8 08:06:12 alarm_monitor activity: back door: OPEN
Aug  8 08:06:13 alarm_monitor activity: back door: CLOSED
Aug  8 08:08:08 alarm_monitor activity: back door: OPEN
Aug  8 08:08:10 alarm_monitor activity: back door: CLOSED
Aug  8 08:10:35 alarm_monitor activity: back door: OPEN
Aug  8 08:10:38 alarm_monitor activity: back door: CLOSED
Aug  8 08:12:50 alarm_monitor activity: back door: OPEN
Aug  8 08:12:53 alarm_monitor activity: back door: CLOSED
Aug  8 08:14:01 alarm_monitor activity: back door: OPEN
Aug  8 08:14:03 alarm_monitor activity: back door: CLOSED
Aug  8 08:15:23 alarm_monitor activity: back door: OPEN
Aug  8 08:15:24 alarm_monitor activity: back door: CLOSED
Aug  8 08:17:41 alarm_monitor activity: back door: OPEN
Aug  8 08:17:45 alarm_monitor activity: back door: CLOSED
Aug  8 08:19:23 alarm_monitor activity: back door: OPEN
Aug  8 08:19:26 alarm_monitor activity: back door: CLOSED
Aug  8 08:21:37 alarm_monitor activity: back door: OPEN
Aug  8 08:21:42 alarm_monitor activity: back door: CLOSED
Aug  8 08:24:26 alarm_monitor activity: back door: OPEN
Aug  8 08:24:29 alarm_monitor activity: back door: CLOSED
Aug  8 08:27:11 alarm_monitor activity: back door: OPEN
Aug  8 08:27:14 alarm_monitor activity: back door: CLOSED
Aug  8 08:28:52 alarm_monitor activity: back door: OPEN
Aug  8 08:28:55 alarm_monitor activity: back door: CLOSED
Aug  8 08:30:47 alarm_monitor activity: back door: OPEN
Aug  8 08:30:51 alarm_monitor activity: back door: CLOSED
Aug  8 08:32:49 alarm_monitor activity: back door: OPEN
Aug  8 08:32:53 alarm_monitor activity: back door: CLOSED
Aug  8 08:34:23 alarm_monitor activity: back door: OPEN
Aug  8 08:34:25 alarm_monitor activity: back door: CLOSED
Aug  8 08:36:02 alarm_monitor activity: back door: OPEN
Aug  8 08:36:07 alarm_monitor activity: back door: CLOSED
Aug  8 08:37:35 alarm_monitor activity: back door: OPEN
Aug  8 08:37:40 alarm_monitor activity: back door: CLOSED
Aug  8 08:39:52 alarm_monitor activity: back door: OPEN
Aug  8 08:39:53 alarm_monitor activity: back door: CLOSED
Aug  8 08:40:54 alarm_monitor activity: back door: OPEN
Aug  8 08:40:59 alarm_monitor activity: back door: CLOSED
Aug  8 08:42:03 alarm_monitor activity: back door: OPEN
Aug  8 08:42:07 alarm_monitor activity: back door: CLOSED
Aug  8 08:44:09 alarm_monitor activity: back door: OPEN
Aug  8 08:44:10 alarm_monitor activity: back door: CLOSED
Aug  8 08:47:04 alarm_monitor activity: back door: OPEN
Aug  8 08:47:05 alarm_monitor activity: back door: CLOSED
Aug  8 08:48:13 alarm_monitor activity: back door: OPEN
Aug  8 08:48:17 alarm_monitor activity: back door: CLOSED
Aug  8 08:50:19 alarm_monitor activity: back door: OPEN
Aug  8 08:50:23 alarm_monitor activity: back door: CLOSED
Aug  8 08:51:53 alarm_monitor activity: back door: OPEN
Aug  8 08:51:58 alarm_monitor activity: back door: CLOSED
Aug  8 08:53:47 alarm_monitor activity: back door: OPEN
Aug  8 08:53:51 alarm_monitor activity: back door: CLOSED
Aug  8 08:55:55 alarm_monitor activity: back door: OPEN
Aug  8 08:55:59 alarm_monitor activity: back door: CLOSED
Aug  8 08:57:51 alarm_monitor activity: back door: OPEN
Aug  8 08:57:55 alarm_monitor activity: back door: CLOSED
Aug  8 08:59:05 alarm_monitor activity: back door: OPEN
Aug  8 08:59:07 alarm_monitor activity: back door: CLOSED
Aug  8 09:00:53 alarm_monitor activity: back door: OPEN
Aug  8 09:00:56 alarm_monitor activity: back door: CLOSED
Aug  8 09:03:30 alarm_monitor activity: back door: OPEN
Aug  8 09:03:32 alarm_monitor activity: back door: CLOSED
Aug  8 09:06:12 alarm_monitor activity: back door: OPEN
Aug  8 09:06:13 alarm_monitor activity: back door: CLOSED
Aug  8 09:08:08 alarm_monitor activity: back door: OPEN
Aug  8 09:08:10 alarm_monitor activity: back door: CLOSED
Aug  8 09:10:35 alarm_monitor activity: back door: OPEN
Aug  8 09:10:38 alarm_monitor activity: back door: CLOSED
Aug  8 09:12:50 alarm_monitor activity: back door: OPEN
Aug  8 09:12:53 alarm_monitor activity: back door: CLOSED
Aug  8 09:14:01 alarm_monitor activity: back door: OPEN
Aug  8 09:14:03 alarm_monitor activity: back door: CLOSED
Aug  8 09:15:23 alarm_monitor activity: back door: OPEN
Aug  8 09:15:24 alarm_monitor activity: back door: CLOSED
Aug  8 09:17:41 alarm_monitor activity: back door: OPEN
Aug  8 09:17:45 alarm_monitor activity: back door: CLOSED
Aug  8 09:19:23 alarm_monitor activity: back door: OPEN
Aug  8 09:19:26 alarm_monitor activity: back door: CLOSED
Aug  8 09:21:37 alarm_monitor activity: back door: OPEN
Aug  8 09:21:42 alarm_monitor activity: back door: CLOSED
Aug  8 09:24:26 alarm_monitor activity: back door: OPEN
Aug  8 09:24:29 alarm_monitor activity: back door: CLOSED
Aug  8 09:27:11 alarm_monitor activity: back door: OPEN
Aug  8 09:27:14 alarm_monitor activity: back door: CLOSED
Aug  8 09:28:52 alarm_monitor activity: back door: OPEN
Aug  8 09:28:55 alarm_monitor activity: back door: CLOSED
Aug  8 09:30:47 alarm_monitor activity: back door: OPEN
Aug  8 09:30:51 alarm_monitor activity: back door: CLOSED
Aug  8 09:32:49 alarm_monitor activity: back door: OPEN
Aug  8 09:32:53 alarm_monitor activity: back door: CLOSED
Aug  8 09:34:23 alarm_monitor activity: back door: OPEN
Aug  8 09:34:25 alarm_monitor activity: back door: CLOSED
Aug  8 09:36:02 alarm_monitor activity: back door: OPEN
Aug  8 09:36:07 alarm_monitor activity: back door: CLOSED
Aug  8 09:37:35 alarm_monitor activity: back door: OPEN
Aug  8 09:37:40 alarm_monitor activity: back door: CLOSED
Aug  8 09:39:52 alarm_monitor activity: back door: OPEN
Aug  8 09:39:53 alarm_monitor activity: back door: CLOSED
Aug  8 09:40:54 alarm_monitor activity: back door: OPEN
Aug  8 09:40:59 alarm_monitor activity: back door: CLOSED
Aug  8 09:42:03 alarm_monitor activity: back door: OPEN
Aug  8 09:42:07 alarm_monitor activity: back door: CLOSED
Aug  8 09:44:09 alarm_monitor activity: back door: OPEN
Aug  8 09:44:10 alarm_monitor activity: back door: CLOSED
Aug  8 09:47:04 alarm_monitor activity: back door: OPEN
Aug  8 09:47:05 alarm_monitor activity: back door: CLOSED
Aug  8 09:48:13 alarm_monitor activity: back door: OPEN
Aug  8 09:48:17 alarm_monitor activity: back door: CLOSED
Aug  8 09:50:19 alarm_monitor activity: back door: OPEN
Aug  8 09:50:23 alarm_monitor activity: back door: CLOSED
Aug  8 09:51:53 alarm_monitor activity: back door: OPEN
Aug  8 09:51:58 alarm_monitor activity: back door: CLOSED
Aug  8 09:53:47 alarm_monitor activity: back door: OPEN
Aug  8 09:53:51 alarm_monitor activity: back door: CLOSED
Aug  8 09:55:55 alarm_monitor activity: back door: OPEN
Aug  8 09:55:59 alarm_monitor activity: back door: CLOSED
Aug  8 09:57:51 alarm_monitor activity: back door: OPEN
Aug  8 09:57:55 alarm_monitor activity: back door: CLOSED
Aug  8 09:59:05 alarm_monitor activity: back door: OPEN
Aug  8 09:59:07 alarm_monitor activity: back door: CLOSED
Aug  8 10:00:53 alarm_monitor activity: back door: OPEN
Aug  8 10:00:56 alarm_monitor activity: back door: CLOSED
Aug  8 10:03:30 alarm_monitor activity: back door: OPEN
Aug  8 10:03:32 alarm_monitor activity: back door: CLOSED
Aug  8 10:06:12 alarm_monitor activity: back door: OPEN
Aug  8 10:06:13 alarm_monitor activity: back door: CLOSED
Aug  8 10:08:08 alarm_monitor activity: back door: OPEN
Aug  8 10:08:10 alarm_monitor activity: back door: CLOSED
Aug  8 10:10:35 alarm_monitor activity: back door: OPEN
Aug  8 10:10:38 alarm_monitor activity: back door: CLOSED
Aug  8 10:12:50 alarm_monitor activity: back door: OPEN
Aug  8 10:12:53 alarm_monitor activity: back door: CLOSED
Aug  8 10:14:01 alarm_monitor activity: back door: OPEN
Aug  8 10:14:03 alarm_monitor activity: back door: CLOSED
Aug  8 10:15:23 alarm_monitor activity: back door: OPEN
Aug  8 10:15:24 alarm_monitor activity: back door: CLOSED
Aug  8 10:17:41 alarm_monitor activity: back door: OPEN
Aug  8 10:17:45 alarm_monitor activity: back door: CLOSED
Aug  8 10:19:23 alarm_monitor activity: back door: OPEN
Aug  8 10:19:26 alarm_monitor activity: back door: CLOSED
Aug  8 10:21:37 alarm_monitor activity: back door: OPEN
Aug  8 10:21:42 alarm_monitor activity: back door: CLOSED
Aug  8 10:24:26 alarm_monitor activity: back door: OPEN
Aug  8 10:24:29 alarm_monitor activity: back door: CLOSED
Aug  8 10:27:11 alarm_monitor activity: back door: OPEN
Aug  8 10:27:14 alarm_monitor activity: back door: CLOSED
Aug  8 10:28:52 alarm_monitor activity: back door: OPEN
Aug  8 10:28:55 alarm_monitor activity: back door: CLOSED
Aug  8 10:30:47 alarm_monitor activity: back door: OPEN
Aug  8 10:30:51 alarm_monitor activity: back door: CLOSED
Aug  8 10:32:49 alarm_monitor activity: back door: OPEN
Aug  8 10:32:53 alarm_monitor activity: back door: CLOSED
Aug  8 10:34:23 alarm_monitor activity: back door: OPEN
Aug  8 10:34:25 alarm_monitor activity: back door: CLOSED
Aug  8 10:36:02 alarm_monitor activity: back door: OPEN
Aug  8 10:36:07 alarm_monitor activity: back door: CLOSED
Aug  8 10:37:35 alarm_monitor activity: back door: OPEN
Aug  8 10:37:40 alarm_monitor activity: back door: CLOSED
Aug  8 10:39:52 alarm_monitor activity: back door: OPEN
Aug  8 10:39:53 alarm_monitor activity: back door: CLOSED
Aug  8 10:40:54 alarm_monitor activity: back door: OPEN
Aug  8 10:40:59 alarm_monitor activity: back door: CLOSED
Aug  8 10:42:03 alarm_monitor activity: back door: OPEN
Aug  8 10:42:07 alarm_monitor activity: back door: CLOSED
Aug  8 10:44:09 alarm_monitor activity: back door: OPEN
Aug  8 10:44:10 alarm_monitor activity: back door: CLOSED
Aug  8 10:47:04 alarm_monitor activity: back door: OPEN
Aug  8 10:47:05 alarm_monitor activity: back door: CLOSED
Aug  8 10:48:13 alarm_monitor activity: back door: OPEN
Aug  8 10:48:17 alarm_monitor activity: back door: CLOSED
Aug  8 10:50:19 alarm_monitor activity: back door: OPEN
Aug  8 10:50:23 alarm_monitor activity: back door: CLOSED
Aug  8 10:51:53 alarm_monitor activity: back door: OPEN
Aug  8 10:51:58 alarm_monitor activity: back door: CLOSED
Aug  8 10:53:47 alarm_monitor activity: back door: OPEN
Aug  8 10:53:51 alarm_monitor activity: back door: CLOSED
Aug  8 10:55:55 alarm_monitor activity: back door: OPEN
Aug  8 10:55:59 alarm_monitor activity: back door: CLOSED
Aug  8 10:57:51 alarm_monitor activity: back door: OPEN
Aug  8 10:57:55 alarm_monitor activity: back door: CLOSED
Aug  8 10:59:05 alarm_monitor activity: back door: OPEN
Aug  8 10:59:07 alarm_monitor activity: back door: CLOSED
Aug  8 11:57:05 alarm_monitor activity: back door: OPEN
Aug  8 11:57:16 alarm_monitor activity: back door: OPEN
Aug  8 11:57:21 alarm_monitor activity: back door: CLOSED
Aug  8 12:02:28 alarm_monitor activity: back door: OPEN
Aug  8 12:02:32 alarm_monitor activity: back door: CLOSED
Aug  8 12:04:01 alarm_monitor activity: back door: OPEN
Aug  8 12:04:06 alarm_monitor activity: back door: CLOSED
Aug  8 12:06:43 alarm_monitor activity: back door: OPEN
Aug  8 12:06:44 alarm_monitor activity: back door: CLOSED
Aug  8 12:07:54 alarm_monitor activity: back door: OPEN
Aug  8 12:07:58 alarm_monitor activity: back door: CLOSED
Aug  8 12:10:26 alarm_monitor activity: back door: OPEN
Aug  8 12:10:31 alarm_monitor activity: back door: CLOSED
Aug  8 12:13:17 alarm_monitor activity: back door: OPEN
Aug  8 12:13:20 alarm_monitor activity: back door: CLOSED
Aug  8 12:15:12 alarm_monitor activity: back door: OPEN
Aug  8 12:15:17 alarm_monitor activity: back door: CLOSED
Aug  8 12:17:45 alarm_monitor activity: back door: OPEN
Aug  8 12:17:50 alarm_monitor activity: back door: CLOSED
Aug  8 12:19:02 alarm_monitor activity: back door: OPEN
Aug  8 12:19:03 alarm_monitor activity: back door: CLOSED
Aug  8 12:20:18 alarm_monitor activity: back door: OPEN
Aug  8 12:20:22 alarm_monitor activity: back door: CLOSED
Aug  8 12:23:06 alarm_monitor activity: back door: OPEN
Aug  8 12:23:08 alarm_monitor activity: back door: CLOSED
Aug  8 12:26:06 alarm_monitor activity: back door: OPEN
Aug  8 12:26:07 alarm_monitor activity: back door: CLOSED
Aug  8 12:27:22 alarm_monitor activity: back door: OPEN
Aug  8 12:27:26 alarm_monitor activity: back door: CLOSED
Aug  8 12:28:49 alarm_monitor activity: back door: OPEN
Aug  8 12:28:52 alarm_monitor activity: back door: CLOSED
Aug  8 12:30:57 alarm_monitor activity: back door: OPEN
Aug  8 12:30:58 alarm_monitor activity: back door: CLOSED
Aug  8 12:32:37 alarm_monitor activity: back door: OPEN
Aug  8 12:32:40 alarm_monitor activity: back door: CLOSED
Aug  8 12:33:48 alarm_monitor activity: back door: OPEN
Aug  8 12:33:52 alarm_monitor activity: back door: CLOSED
Aug  8 12:35:58 alarm_monitor activity: back door: OPEN
Aug  8 12:36:02 alarm_monitor activity: back door: CLOSED
Aug  8 12:37:45 alarm_monitor activity: back door: OPEN
Aug  8 12:37:46 alarm_monitor activity: back door: CLOSED
Aug  8 12:39:30 alarm_monitor activity: back door: OPEN
Aug  8 12:39:33 alarm_monitor activity: back door: CLOSED
Aug  8 12:41:07 alarm_monitor activity: back door: OPEN
Aug  8 12:41:08 alarm_monitor activity: back door: CLOSED
Aug  8 12:42:28 alarm_monitor activity: back door: OPEN
Aug  8 12:42:32 alarm_monitor activity: back door: CLOSED
Aug  8 12:44:16 alarm_monitor activity: back door: OPEN
Aug  8 12:44:21 alarm_monitor activity: back door: CLOSED
Aug  8 12:47:10 alarm_monitor activity: back door: OPEN
Aug  8 12:47:12 alarm_monitor activity: back door: CLOSED
Aug  8 12:48:24 alarm_monitor activity: back door: OPEN
Aug  8 12:48:25 alarm_monitor activity: back door: CLOSED
Aug  8 12:51:14 alarm_monitor activity: back door: OPEN
Aug  8 12:51:16 alarm_monitor activity: back door: CLOSED
Aug  8 12:52:30 alarm_monitor activity: back door: OPEN
Aug  8 12:52:32 alarm_monitor activity: back door: CLOSED
Aug  8 12:54:04 alarm_monitor activity: back door: OPEN
Aug  8 12:54:07 alarm_monitor activity: back door: CLOSED
Aug  8 12:55:33 alarm_monitor activity: back door: OPEN
Aug  8 12:55:37 alarm_monitor activity: back door: CLOSED
Aug  8 12:56:43 alarm_monitor activity: back door: OPEN
Aug  8 12:56:47 alarm_monitor activity: back door: CLOSED
Aug  8 12:58:22 alarm_monitor activity: back door: OPEN
Aug  8 12:58:25 alarm_monitor activity: back door: CLOSED
Aug  8 13:00:53 alarm_monitor activity: back door: OPEN
Aug  8 13:00:56 alarm_monitor activity: back door: CLOSED
Aug  8 13:03:30 alarm_monitor activity: back door: OPEN
Aug  8 13:03:32 alarm_monitor activity: back door: CLOSED
Aug  8 13:06:12 alarm_monitor activity: back door: OPEN
Aug  8 13:06:13 alarm_monitor activity: back door: CLOSED
Aug  8 13:08:08 alarm_monitor activity: back door: OPEN
Aug  8 13:08:10 alarm_monitor activity: back door: CLOSED
Aug  8 13:10:35 alarm_monitor activity: back door: OPEN
Aug  8 13:10:38 alarm_monitor activity: back door: CLOSED
Aug  8 13:12:50 alarm_monitor activity: back door: OPEN
Aug  8 13:12:53 alarm_monitor activity: back door: CLOSED
Aug  8 13:14:01 alarm_monitor activity: back door: OPEN
Aug  8 13:14:03 alarm_monitor activity: back door: CLOSED
Aug  8 13:15:23 alarm_monitor activity: back door: OPEN
Aug  8 13:15:24 alarm_monitor activity: back door: CLOSED
Aug  8 13:17:41 alarm_monitor activity: back door: OPEN
Aug  8 13:17:45 alarm_monitor activity: back door: CLOSED
Aug  8 13:19:23 alarm_monitor activity: back door: OPEN
Aug  8 13:19:26 alarm_monitor activity: back door: CLOSED
Aug  8 13:21:37 alarm_monitor activity: back door: OPEN
Aug  8 13:21:42 alarm_monitor activity: back door: CLOSED
Aug  8 13:24:26 alarm_monitor activity: back door: OPEN
Aug  8 13:24:29 alarm_monitor activity: back door: CLOSED
Aug  8 13:27:11 alarm_monitor activity: back door: OPEN
Aug  8 13:27:14 alarm_monitor activity: back door: CLOSED
Aug  8 13:28:52 alarm_monitor activity: back door: OPEN
Aug  8 13:28:55 alarm_monitor activity: back door: CLOSED
Aug  8 13:30:47 alarm_monitor activity: back door: OPEN
Aug  8 13:30:51 alarm_monitor activity: back door: CLOSED
Aug  8 13:32:49 alarm_monitor activity: back door: OPEN
Aug  8 13:32:53 alarm_monitor activity: back door: CLOSED
Aug  8 13:34:23 alarm_monitor activity: back door: OPEN
Aug  8 13:34:25 alarm_monitor activity: back door: CLOSED
Aug  8 13:36:02 alarm_monitor activity: back door: OPEN
Aug  8 13:36:07 alarm_monitor activity: back door: CLOSED
Aug  8 13:37:35 alarm_monitor activity: back door: OPEN
Aug  8 13:37:40 alarm_monitor activity: back door: CLOSED
Aug  8 13:39:52 alarm_monitor activity: back door: OPEN
Aug  8 13:39:53 alarm_monitor activity: back door: CLOSED
Aug  8 13:40:54 alarm_monitor activity: back door: OPEN
Aug  8 13:40:59 alarm_monitor activity: back door: CLOSED
Aug  8 13:42:03 alarm_monitor activity: back door: OPEN
Aug  8 13:42:07 alarm_monitor activity: back door: CLOSED
Aug  8 13:44:09 alarm_monitor activity: back door: OPEN
Aug  8 13:44:10 alarm_monitor activity: back door: CLOSED
Aug  8 13:47:04 alarm_monitor activity: back door: OPEN
Aug  8 13:47:05 alarm_monitor activity: back door: CLOSED
Aug  8 13:48:13 alarm_monitor activity: back door: OPEN
Aug  8 13:48:17 alarm_monitor activity: back door: CLOSED
Aug  8 13:50:19 alarm_monitor activity: back door: OPEN
Aug  8 13:50:23 alarm_monitor activity: back door: CLOSED
Aug  8 13:51:53 alarm_monitor activity: back door: OPEN
Aug  8 13:51:58 alarm_monitor activity: back door: CLOSED
Aug  8 13:53:47 alarm_monitor activity: back door: OPEN
Aug  8 13:53:51 alarm_monitor activity: back door: CLOSED
Aug  8 13:55:55 alarm_monitor activity: back door: OPEN
Aug  8 13:55:59 alarm_monitor activity: back door: CLOSED
Aug  8 13:57:51 alarm_monitor activity: back door: OPEN
Aug  8 13:57:55 alarm_monitor activity: back door: CLOSED
Aug  8 13:59:05 alarm_monitor activity: back door: OPEN
Aug  8 13:59:07 alarm_monitor activity: back door: CLOSED
Aug  8 14:01:50 alarm_monitor activity: back door: OPEN
Aug  8 14:01:51 alarm_monitor activity: back door: CLOSED
Aug  8 14:04:38 alarm_monitor activity: back door: OPEN
Aug  8 14:04:40 alarm_monitor activity: back door: CLOSED
Aug  8 14:05:48 alarm_monitor activity: back door: OPEN
Aug  8 14:05:51 alarm_monitor activity: back door: CLOSED
Aug  8 14:08:41 alarm_monitor activity: back door: OPEN
Aug  8 14:08:46 alarm_monitor activity: back door: CLOSED
Aug  8 14:11:34 alarm_monitor activity: back door: OPEN
Aug  8 14:11:35 alarm_monitor activity: back door: CLOSED
Aug  8 14:13:04 alarm_monitor activity: back door: OPEN
Aug  8 14:13:08 alarm_monitor activity: back door: CLOSED
Aug  8 14:15:31 alarm_monitor activity: back door: OPEN
Aug  8 14:15:33 alarm_monitor activity: back door: CLOSED
Aug  8 14:16:52 alarm_monitor activity: back door: OPEN
Aug  8 14:16:53 alarm_monitor activity: back door: CLOSED
Aug  8 14:18:44 alarm_monitor activity: back door: OPEN
Aug  8 14:18:46 alarm_monitor activity: back door: CLOSED
Aug  8 14:20:52 alarm_monitor activity: back door: OPEN
Aug  8 14:20:54 alarm_monitor activity: back door: CLOSED
Aug  8 14:22:11 alarm_monitor activity: back door: OPEN
Aug  8 14:22:14 alarm_monitor activity: back door: CLOSED
Aug  8 14:24:26 alarm_monitor activity: back door: OPEN
Aug  8 14:24:29 alarm_monitor activity: back door: CLOSED
Aug  8 14:25:34 alarm_monitor activity: back door: OPEN
Aug  8 14:25:36 alarm_monitor activity: back door: CLOSED
Aug  8 14:27:16 alarm_monitor activity: back door: OPEN
Aug  8 14:27:20 alarm_monitor activity: back door: CLOSED
Aug  8 14:29:28 alarm_monitor activity: back door: OPEN
Aug  8 14:29:29 alarm_monitor activity: back door: CLOSED
Aug  8 14:31:15 alarm_monitor activity: back door: OPEN
Aug  8 14:31:19 alarm_monitor activity: back door: CLOSED
Aug  8 14:34:15 alarm_monitor activity: back door: OPEN
Aug  8 14:34:17 alarm_monitor activity: back door: CLOSED
Aug  8 14:37:03 alarm_monitor activity: back door: OPEN Dr Zingruber: Oh yes...
Aug  8 14:40:01 alarm_monitor activity: back door: OPEN look here, you can see
Aug  8 14:41:26 alarm_monitor activity: back door: OPEN the door stayed open.
Aug  8 14:43:55 alarm_monitor activity: back door: OPEN Now that we know a more
Aug  8 14:46:20 alarm_monitor activity: back door: OPEN exact time, we should
Aug  8 14:48:31 alarm_monitor activity: back door: OPEN check wall.log for the
Aug  8 14:51:30 alarm_monitor activity: back door: OPEN same period.
Aug  8 14:51:34 alarm_monitor activity: back door: CLOSED
Aug  8 14:53:24 alarm_monitor activity: back door: OPEN
Aug  8 14:53:28 alarm_monitor activity: back door: CLOSED
Aug  8 14:55:14 alarm_monitor activity: back door: OPEN
Aug  8 14:55:19 alarm_monitor activity: back door: CLOSED
Aug  8 14:58:00 alarm_monitor activity: back door: OPEN
Aug  8 14:58:05 alarm_monitor activity: back door: CLOSED
Aug  8 14:59:30 alarm_monitor activity: back door: OPEN
Aug  8 14:59:32 alarm_monitor activity: back door: CLOSED
Aug  8 15:02:21 alarm_monitor activity: back door: OPEN
Aug  8 15:02:24 alarm_monitor activity: back door: CLOSED
Aug  8 15:03:43 alarm_monitor activity: back door: OPEN
Aug  8 15:03:45 alarm_monitor activity: back door: CLOSED
Aug  8 15:05:37 alarm_monitor activity: back door: OPEN
Aug  8 15:05:41 alarm_monitor activity: back door: CLOSED
Aug  8 15:08:13 alarm_monitor activity: back door: OPEN
Aug  8 15:08:14 alarm_monitor activity: back door: CLOSED
Aug  8 15:10:04 alarm_monitor activity: back door: OPEN
Aug  8 15:10:07 alarm_monitor activity: back door: CLOSED
Aug  8 15:11:13 alarm_monitor activity: back door: OPEN
Aug  8 15:11:14 alarm_monitor activity: back door: CLOSED
Aug  8 15:13:24 alarm_monitor activity: back door: OPEN
Aug  8 15:13:25 alarm_monitor activity: back door: CLOSED
Aug  8 15:16:10 alarm_monitor activity: back door: OPEN
Aug  8 15:16:13 alarm_monitor activity: back door: CLOSED
Aug  8 15:17:38 alarm_monitor activity: back door: OPEN
Aug  8 15:17:42 alarm_monitor activity: back door: CLOSED
Aug  8 15:20:14 alarm_monitor activity: back door: OPEN
Aug  8 15:20:15 alarm_monitor activity: back door: CLOSED
Aug  8 16:00:53 alarm_monitor activity: back door: OPEN
Aug  8 16:00:56 alarm_monitor activity: back door: CLOSED
Aug  8 16:03:30 alarm_monitor activity: back door: OPEN
Aug  8 16:03:32 alarm_monitor activity: back door: CLOSED
Aug  8 16:06:12 alarm_monitor activity: back door: OPEN
Aug  8 16:06:13 alarm_monitor activity: back door: CLOSED
Aug  8 16:08:08 alarm_monitor activity: back door: OPEN
Aug  8 16:08:10 alarm_monitor activity: back door: CLOSED
Aug  8 16:10:35 alarm_monitor activity: back door: OPEN
Aug  8 16:10:38 alarm_monitor activity: back door: CLOSED
Aug  8 16:12:50 alarm_monitor activity: back door: OPEN
Aug  8 16:12:53 alarm_monitor activity: back door: CLOSED
Aug  8 16:14:01 alarm_monitor activity: back door: OPEN
Aug  8 16:14:03 alarm_monitor activity: back door: CLOSED
Aug  8 16:15:23 alarm_monitor activity: back door: OPEN
Aug  8 16:15:24 alarm_monitor activity: back door: CLOSED
Aug  8 16:17:41 alarm_monitor activity: back door: OPEN
Aug  8 16:17:45 alarm_monitor activity: back door: CLOSED
Aug  8 16:19:23 alarm_monitor activity: back door: OPEN
Aug  8 16:19:26 alarm_monitor activity: back door: CLOSED
Aug  8 16:21:37 alarm_monitor activity: back door: OPEN
Aug  8 16:21:42 alarm_monitor activity: back door: CLOSED
Aug  8 16:24:26 alarm_monitor activity: back door: OPEN
Aug  8 16:24:29 alarm_monitor activity: back door: CLOSED
Aug  8 16:27:11 alarm_monitor activity: back door: OPEN
Aug  8 16:27:14 alarm_monitor activity: back door: CLOSED
Aug  8 16:28:52 alarm_monitor activity: back door: OPEN
Aug  8 16:28:55 alarm_monitor activity: back door: CLOSED
Aug  8 16:30:47 alarm_monitor activity: back door: OPEN
Aug  8 16:30:51 alarm_monitor activity: back door: CLOSED
Aug  8 16:32:49 alarm_monitor activity: back door: OPEN
Aug  8 16:32:53 alarm_monitor activity: back door: CLOSED
Aug  8 16:34:23 alarm_monitor activity: back door: OPEN
Aug  8 16:34:25 alarm_monitor activity: back door: CLOSED
Aug  8 16:36:02 alarm_monitor activity: back door: OPEN
Aug  8 16:36:07 alarm_monitor activity: back door: CLOSED
Aug  8 16:37:35 alarm_monitor activity: back door: OPEN
Aug  8 16:37:40 alarm_monitor activity: back door: CLOSED
Aug  8 16:39:52 alarm_monitor activity: back door: OPEN
Aug  8 16:39:53 alarm_monitor activity: back door: CLOSED
Aug  8 16:40:54 alarm_monitor activity: back door: OPEN
Aug  8 16:40:59 alarm_monitor activity: back door: CLOSED
Aug  8 16:42:03 alarm_monitor activity: back door: OPEN
Aug  8 16:42:07 alarm_monitor activity: back door: CLOSED
Aug  8 16:44:09 alarm_monitor activity: back door: OPEN
Aug  8 16:44:10 alarm_monitor activity: back door: CLOSED
Aug  8 16:47:04 alarm_monitor activity: back door: OPEN
Aug  8 16:47:05 alarm_monitor activity: back door: CLOSED
Aug  8 16:48:13 alarm_monitor activity: back door: OPEN
Aug  8 16:48:17 alarm_monitor activity: back door: CLOSED
Aug  8 16:50:19 alarm_monitor activity: back door: OPEN
Aug  8 16:50:23 alarm_monitor activity: back door: CLOSED
Aug  8 16:51:53 alarm_monitor activity: back door: OPEN
Aug  8 16:51:58 alarm_monitor activity: back door: CLOSED
Aug  8 16:53:47 alarm_monitor activity: back door: OPEN
Aug  8 16:53:51 alarm_monitor activity: back door: CLOSED
Aug  8 16:55:55 alarm_monitor activity: back door: OPEN
Aug  8 16:55:59 alarm_monitor activity: back door: CLOSED
Aug  8 16:57:51 alarm_monitor activity: back door: OPEN
Aug  8 16:57:55 alarm_monitor activity: back door: CLOSED
Aug  8 16:59:05 alarm_monitor activity: back door: OPEN
Aug  8 16:59:07 alarm_monitor activity: back door: CLOSED
Aug  8 17:00:53 alarm_monitor activity: back door: OPEN
Aug  8 17:00:56 alarm_monitor activity: back door: CLOSED
Aug  8 17:03:30 alarm_monitor activity: back door: OPEN
Aug  8 17:03:32 alarm_monitor activity: back door: CLOSED
Aug  8 17:06:12 alarm_monitor activity: back door: OPEN
Aug  8 17:06:13 alarm_monitor activity: back door: CLOSED
Aug  8 17:08:08 alarm_monitor activity: back door: OPEN
Aug  8 17:08:10 alarm_monitor activity: back door: CLOSED
Aug  8 17:10:35 alarm_monitor activity: back door: OPEN
Aug  8 17:10:38 alarm_monitor activity: back door: CLOSED
Aug  8 17:12:50 alarm_monitor activity: back door: OPEN
Aug  8 17:12:53 alarm_monitor activity: back door: CLOSED
Aug  8 17:14:01 alarm_monitor activity: back door: OPEN
Aug  8 17:14:03 alarm_monitor activity: back door: CLOSED
Aug  8 17:15:23 alarm_monitor activity: back door: OPEN
Aug  8 17:15:24 alarm_monitor activity: back door: CLOSED
Aug  8 17:17:41 alarm_monitor activity: back door: OPEN
Aug  8 17:17:45 alarm_monitor activity: back door: CLOSED
Aug  8 17:19:23 alarm_monitor activity: back door: OPEN
Aug  8 17:19:26 alarm_monitor activity: back door: CLOSED
Aug  8 17:21:37 alarm_monitor activity: back door: OPEN
Aug  8 17:21:42 alarm_monitor activity: back door: CLOSED
Aug  8 17:24:26 alarm_monitor activity: back door: OPEN
Aug  8 17:24:29 alarm_monitor activity: back door: CLOSED
Aug  8 17:27:11 alarm_monitor activity: back door: OPEN
Aug  8 17:27:14 alarm_monitor activity: back door: CLOSED
Aug  8 17:28:52 alarm_monitor activity: back door: OPEN
Aug  8 17:28:55 alarm_monitor activity: back door: CLOSED
Aug  8 17:30:47 alarm_monitor activity: back door: OPEN
Aug  8 17:30:51 alarm_monitor activity: back door: CLOSED
Aug  8 17:32:49 alarm_monitor activity: back door: OPEN
Aug  8 17:32:53 alarm_monitor activity: back door: CLOSED
Aug  8 17:34:23 alarm_monitor activity: back door: OPEN
Aug  8 17:34:25 alarm_monitor activity: back door: CLOSED
Aug  8 17:36:02 alarm_monitor activity: back door: OPEN
Aug  8 17:36:07 alarm_monitor activity: back door: CLOSED
Aug  8 17:37:35 alarm_monitor activity: back door: OPEN
Aug  8 17:37:40 alarm_monitor activity: back door: CLOSED
Aug  8 17:39:52 alarm_monitor activity: back door: OPEN
Aug  8 17:39:53 alarm_monitor activity: back door: CLOSED
Aug  8 17:40:54 alarm_monitor activity: back door: OPEN
Aug  8 17:40:59 alarm_monitor activity: back door: CLOSED
Aug  8 17:42:03 alarm_monitor activity: back door: OPEN
Aug  8 17:42:07 alarm_monitor activity: back door: CLOSED
Aug  8 17:44:09 alarm_monitor activity: back door: OPEN
Aug  8 17:44:10 alarm_monitor activity: back door: CLOSED
Aug  8 17:47:04 alarm_monitor activity: back door: OPEN
Aug  8 17:47:05 alarm_monitor activity: back door: CLOSED
Aug  8 17:48:13 alarm_monitor activity: back door: OPEN
Aug  8 17:48:17 alarm_monitor activity: back door: CLOSED
Aug  8 17:50:19 alarm_monitor activity: back door: OPEN
Aug  8 17:50:23 alarm_monitor activity: back door: CLOSED
Aug  8 17:51:53 alarm_monitor activity: back door: OPEN
Aug  8 17:51:58 alarm_monitor activity: back door: CLOSED
Aug  8 17:53:47 alarm_monitor activity: back door: OPEN
Aug  8 17:53:51 alarm_monitor activity: back door: CLOSED
Aug  8 17:55:55 alarm_monitor activity: back door: OPEN
Aug  8 17:55:59 alarm_monitor activity: back door: CLOSED
Aug  8 17:57:51 alarm_monitor activity: back door: OPEN
Aug  8 17:57:55 alarm_monitor activity: back door: CLOSED
Aug  8 17:59:05 alarm_monitor activity: back door: OPEN
Aug  8 17:59:07 alarm_monitor activity: back door: CLOSED
Aug  8 18:00:53 alarm_monitor activity: back door: OPEN
Aug  8 18:00:56 alarm_monitor activity: back door: CLOSED
Aug  8 18:03:30 alarm_monitor activity: back door: OPEN
Aug  8 18:03:32 alarm_monitor activity: back door: CLOSED
Aug  8 18:06:12 alarm_monitor activity: back door: OPEN
Aug  8 18:06:13 alarm_monitor activity: back door: CLOSED
Aug  8 18:08:08 alarm_monitor activity: back door: OPEN
Aug  8 18:08:10 alarm_monitor activity: back door: CLOSED
Aug  8 18:10:35 alarm_monitor activity: back door: OPEN
Aug  8 18:10:38 alarm_monitor activity: back door: CLOSED
Aug  8 18:12:50 alarm_monitor activity: back door: OPEN
Aug  8 18:12:53 alarm_monitor activity: back door: CLOSED
Aug  8 18:14:01 alarm_monitor activity: back door: OPEN
Aug  8 18:14:03 alarm_monitor activity: back door: CLOSED
Aug  8 18:15:23 alarm_monitor activity: back door: OPEN
Aug  8 18:15:24 alarm_monitor activity: back door: CLOSED
Aug  8 18:17:41 alarm_monitor activity: back door: OPEN
Aug  8 18:17:45 alarm_monitor activity: back door: CLOSED
Aug  8 18:19:23 alarm_monitor activity: back door: OPEN
Aug  8 18:19:26 alarm_monitor activity: back door: CLOSED
Aug  8 18:21:37 alarm_monitor activity: back door: OPEN
Aug  8 18:21:42 alarm_monitor activity: back door: CLOSED
Aug  8 18:24:26 alarm_monitor activity: back door: OPEN
Aug  8 18:24:29 alarm_monitor activity: back door: CLOSED
Aug  8 18:27:11 alarm_monitor activity: back door: OPEN
Aug  8 18:27:14 alarm_monitor activity: back door: CLOSED
Aug  8 18:28:52 alarm_monitor activity: back door: OPEN
Aug  8 18:28:55 alarm_monitor activity: back door: CLOSED
Aug  8 18:30:47 alarm_monitor activity: back door: OPEN
Aug  8 18:30:51 alarm_monitor monitoring: back door: CLOSED
Aug  8 18:32:49 alarm_monitor monitoring: back door: CLOSED
Aug  8 18:32:53 alarm_monitor monitoring: back door: CLOSED
Aug  8 18:34:23 alarm_monitor monitoring: back door: CLOSED
Aug  8 18:34:25 alarm_monitor monitoring: back door: CLOSED
Aug  8 18:36:02 alarm_monitor monitoring: back door: CLOSED
Aug  8 18:36:07 alarm_monitor monitoring: back door: CLOSED
Aug  8 18:37:35 alarm_monitor monitoring: back door: CLOSED
Aug  8 18:37:40 alarm_monitor monitoring: back door: CLOSED
Aug  8 18:39:52 alarm_monitor monitoring: back door: CLOSED
Aug  8 18:39:53 alarm_monitor monitoring: back door: CLOSED
Aug  8 18:40:54 alarm_monitor monitoring: back door: CLOSED
Aug  8 18:40:59 alarm_monitor monitoring: back door: CLOSED
Aug  8 18:42:03 alarm_monitor monitoring: back door: CLOSED
Aug  8 18:42:07 alarm_monitor monitoring: back door: CLOSED
Aug  8 18:44:09 alarm_monitor monitoring: back door: CLOSED
Aug  8 18:44:10 alarm_monitor monitoring: back door: CLOSED
Aug  8 18:47:04 alarm_monitor monitoring: back door: CLOSED
Aug  8 18:47:05 alarm_monitor monitoring: back door: CLOSED
Aug  8 18:48:13 alarm_monitor monitoring: back door: CLOSED
Aug  8 18:48:17 alarm_monitor monitoring: back door: CLOSED
Aug  8 18:50:19 alarm_monitor monitoring: back door: CLOSED
Aug  8 18:50:23 alarm_monitor monitoring: back door: CLOSED
Aug  8 18:51:53 alarm_monitor monitoring: back door: CLOSED
Aug  8 18:51:58 alarm_monitor monitoring: back door: CLOSED
Aug  8 18:53:47 alarm_monitor monitoring: back door: CLOSED
Aug  8 18:53:51 alarm_monitor monitoring: back door: CLOSED
Aug  8 18:55:55 alarm_monitor monitoring: back door: CLOSED
Aug  8 18:55:59 alarm_monitor monitoring: back door: CLOSED
Aug  8 18:57:51 alarm_monitor monitoring: back door: CLOSED
Aug  8 18:57:55 alarm_monitor monitoring: back door: CLOSED
Aug  8 18:59:05 alarm_monitor monitoring: back door: CLOSED
Aug  8 18:59:07 alarm_monitor monitoring: back door: CLOSED
Aug  8 19:00:53 alarm_monitor monitoring: back door: CLOSED
Aug  8 19:00:56 alarm_monitor monitoring: back door: CLOSED
Aug  8 19:03:30 alarm_monitor monitoring: back door: CLOSED
Aug  8 19:03:32 alarm_monitor monitoring: back door: CLOSED
Aug  8 19:06:12 alarm_monitor monitoring: back door: CLOSED
Aug  8 19:06:13 alarm_monitor monitoring: back door: CLOSED
Aug  8 19:08:08 alarm_monitor monitoring: back door: CLOSED
Aug  8 19:08:10 alarm_monitor monitoring: back door: CLOSED
Aug  8 19:10:35 alarm_monitor monitoring: back door: CLOSED
Aug  8 19:10:38 alarm_monitor monitoring: back door: CLOSED
Aug  8 19:12:50 alarm_monitor monitoring: back door: CLOSED
Aug  8 19:12:53 alarm_monitor monitoring: back door: CLOSED
Aug  8 19:14:01 alarm_monitor monitoring: back door: CLOSED
Aug  8 19:14:03 alarm_monitor monitoring: back door: CLOSED
Aug  8 19:15:23 alarm_monitor monitoring: back door: CLOSED
Aug  8 19:15:24 alarm_monitor monitoring: back door: CLOSED
Aug  8 19:17:41 alarm_monitor monitoring: back door: CLOSED
Aug  8 19:17:45 alarm_monitor monitoring: back door: CLOSED
Aug  8 19:19:23 alarm_monitor monitoring: back door: CLOSED
Aug  8 19:19:26 alarm_monitor monitoring: back door: CLOSED
Aug  8 19:21:37 alarm_monitor monitoring: back door: CLOSED
Aug  8 19:21:42 alarm_monitor monitoring: back door: CLOSED
Aug  8 19:24:26 alarm_monitor monitoring: back door: CLOSED
Aug  8 19:24:29 alarm_monitor monitoring: back door: CLOSED
Aug  8 19:27:11 alarm_monitor monitoring: back door: CLOSED
Aug  8 19:27:14 alarm_monitor monitoring: back door: CLOSED
Aug  8 19:28:52 alarm_monitor monitoring: back door: CLOSED
Aug  8 19:28:55 alarm_monitor monitoring: back door: CLOSED
Aug  8 19:30:47 alarm_monitor monitoring: back door: CLOSED
Aug  8 19:30:51 alarm_monitor monitoring: back door: CLOSED
Aug  8 19:32:49 alarm_monitor monitoring: back door: CLOSED
Aug  8 19:32:53 alarm_monitor monitoring: back door: CLOSED
Aug  8 19:34:23 alarm_monitor monitoring: back door: CLOSED
Aug  8 19:34:25 alarm_monitor monitoring: back door: CLOSED
Aug  8 19:36:02 alarm_monitor monitoring: back door: CLOSED
Aug  8 19:36:07 alarm_monitor monitoring: back door: CLOSED
Aug  8 19:37:35 alarm_monitor monitoring: back door: CLOSED
Aug  8 19:37:40 alarm_monitor monitoring: back door: CLOSED
Aug  8 19:39:52 alarm_monitor monitoring: back door: CLOSED
Aug  8 19:39:53 alarm_monitor monitoring: back door: CLOSED
Aug  8 19:40:54 alarm_monitor monitoring: back door: CLOSED
Aug  8 19:40:59 alarm_monitor monitoring: back door: CLOSED
Aug  8 19:42:03 alarm_monitor monitoring: back door: CLOSED
Aug  8 19:42:07 alarm_monitor monitoring: back door: CLOSED
Aug  8 19:44:09 alarm_monitor monitoring: back door: CLOSED
Aug  8 19:44:10 alarm_monitor monitoring: back door: CLOSED
Aug  8 19:47:04 alarm_monitor monitoring: back door: CLOSED
Aug  8 19:47:05 alarm_monitor monitoring: back door: CLOSED
Aug  8 19:48:13 alarm_monitor monitoring: back door: CLOSED
Aug  8 19:48:17 alarm_monitor monitoring: back door: CLOSED
Aug  8 19:50:19 alarm_monitor monitoring: back door: CLOSED
Aug  8 19:50:23 alarm_monitor monitoring: back door: CLOSED
Aug  8 19:51:53 alarm_monitor monitoring: back door: CLOSED
Aug  8 19:51:58 alarm_monitor monitoring: back door: CLOSED
Aug  8 19:53:47 alarm_monitor monitoring: back door: CLOSED
Aug  8 19:53:51 alarm_monitor monitoring: back door: CLOSED
Aug  8 19:55:55 alarm_monitor monitoring: back door: CLOSED
Aug  8 19:55:59 alarm_monitor monitoring: back door: CLOSED
Aug  8 19:57:51 alarm_monitor monitoring: back door: CLOSED
Aug  8 19:57:55 alarm_monitor monitoring: back door: CLOSED
Aug  8 19:59:05 alarm_monitor monitoring: back door: CLOSED
Aug  8 19:59:07 alarm_monitor monitoring: back door: CLOSED
Aug  8 20:00:53 alarm_monitor monitoring: back door: CLOSED
Aug  8 20:00:56 alarm_monitor monitoring: back door: CLOSED
Aug  8 20:03:30 alarm_monitor monitoring: back door: CLOSED
Aug  8 20:03:32 alarm_monitor monitoring: back door: CLOSED
Aug  8 20:06:12 alarm_monitor monitoring: back door: CLOSED
Aug  8 20:06:13 alarm_monitor monitoring: back door: CLOSED
Aug  8 20:08:08 alarm_monitor monitoring: back door: CLOSED
Aug  8 20:08:10 alarm_monitor monitoring: back door: CLOSED
Aug  8 20:10:35 alarm_monitor monitoring: back door: CLOSED
Aug  8 20:10:38 alarm_monitor monitoring: back door: CLOSED
Aug  8 20:12:50 alarm_monitor monitoring: back door: CLOSED
Aug  8 20:12:53 alarm_monitor monitoring: back door: CLOSED
Aug  8 20:14:01 alarm_monitor monitoring: back door: CLOSED
Aug  8 20:14:03 alarm_monitor monitoring: back door: CLOSED
Aug  8 20:15:23 alarm_monitor monitoring: back door: CLOSED
Aug  8 20:15:24 alarm_monitor monitoring: back door: CLOSED
Aug  8 20:17:41 alarm_monitor monitoring: back door: CLOSED
Aug  8 20:17:45 alarm_monitor monitoring: back door: CLOSED
Aug  8 20:19:23 alarm_monitor monitoring: back door: CLOSED
Aug  8 20:19:26 alarm_monitor monitoring: back door: CLOSED
Aug  8 20:21:37 alarm_monitor monitoring: back door: CLOSED
Aug  8 20:21:42 alarm_monitor monitoring: back door: CLOSED
Aug  8 20:24:26 alarm_monitor monitoring: back door: CLOSED
Aug  8 20:24:29 alarm_monitor monitoring: back door: CLOSED
Aug  8 20:27:11 alarm_monitor monitoring: back door: CLOSED
Aug  8 20:27:14 alarm_monitor monitoring: back door: CLOSED
Aug  8 20:28:52 alarm_monitor monitoring: back door: CLOSED
Aug  8 20:28:55 alarm_monitor monitoring: back door: CLOSED
Aug  8 20:30:47 alarm_monitor monitoring: back door: CLOSED
Aug  8 20:30:51 alarm_monitor monitoring: back door: CLOSED
Aug  8 20:32:49 alarm_monitor monitoring: back door: CLOSED
Aug  8 20:32:53 alarm_monitor monitoring: back door: CLOSED
Aug  8 20:34:23 alarm_monitor monitoring: back door: CLOSED
Aug  8 20:34:25 alarm_monitor monitoring: back door: CLOSED
Aug  8 20:36:02 alarm_monitor monitoring: back door: CLOSED
Aug  8 20:36:07 alarm_monitor monitoring: back door: CLOSED
Aug  8 20:37:35 alarm_monitor monitoring: back door: CLOSED
Aug  8 20:37:40 alarm_monitor monitoring: back door: CLOSED
Aug  8 20:39:52 alarm_monitor monitoring: back door: CLOSED
Aug  8 20:39:53 alarm_monitor monitoring: back door: CLOSED
Aug  8 20:40:54 alarm_monitor monitoring: back door: CLOSED
Aug  8 20:40:59 alarm_monitor monitoring: back door: CLOSED
Aug  8 20:42:03 alarm_monitor monitoring: back door: CLOSED
Aug  8 20:42:07 alarm_monitor monitoring: back door: CLOSED
Aug  8 20:44:09 alarm_monitor monitoring: back door: CLOSED
Aug  8 20:44:10 alarm_monitor monitoring: back door: CLOSED
Aug  8 20:47:04 alarm_monitor monitoring: back door: CLOSED
Aug  8 20:47:05 alarm_monitor monitoring: back door: CLOSED
Aug  8 20:48:13 alarm_monitor monitoring: back door: CLOSED
Aug  8 20:48:17 alarm_monitor monitoring: back door: CLOSED
Aug  8 20:50:19 alarm_monitor monitoring: back door: CLOSED
Aug  8 20:50:23 alarm_monitor monitoring: back door: CLOSED
Aug  8 20:51:53 alarm_monitor monitoring: back door: CLOSED
Aug  8 20:51:58 alarm_monitor monitoring: back door: CLOSED
Aug  8 20:53:47 alarm_monitor monitoring: back door: CLOSED
Aug  8 20:53:51 alarm_monitor monitoring: back door: CLOSED
Aug  8 20:55:55 alarm_monitor monitoring: back door: CLOSED
Aug  8 20:55:59 alarm_monitor monitoring: back door: CLOSED
Aug  8 20:57:51 alarm_monitor monitoring: back door: CLOSED
Aug  8 20:57:55 alarm_monitor monitoring: back door: CLOSED
Aug  8 20:59:05 alarm_monitor monitoring: back door: CLOSED
Aug  8 20:59:07 alarm_monitor monitoring: back door: CLOSED

